0 0
1 1
3 11
5 101
7 111
9 1001
33 100001
99 1100011
313 100111001
585 1001001001
717 1011001101
7447 1110100010111
9009 10001100110001
15351 11101111110111
32223 111110111011111
39993 1001110000111001
53235 1100111111110011
53835 1101001001001011
73737 10010000000001001
585585 10001110111101110001
1758571 110101101010101101011
1934391 111011000010000110111
1979791 111100011010110001111
3129213 1011111011111101111101
5071705 10011010110001101011001
5259525 10100000100000100000101
5841485 10110010010001001001101
